TN:
SF:config/config.js
FNF:0
FNH:0
DA:1,1
LF:1
LH:1
BRF:0
BRH:0
end_of_record
TN:
SF:models/index.js
FN:21,(anonymous_0)
FN:24,(anonymous_1)
FN:29,(anonymous_2)
FNF:3
FNH:3
FNDA:3,(anonymous_0)
FNDA:2,(anonymous_1)
FNDA:2,(anonymous_2)
DA:3,1
DA:4,1
DA:5,1
DA:6,1
DA:7,1
DA:8,1
DA:9,1
DA:13,1
DA:14,0
DA:16,1
DA:19,1
DA:22,3
DA:25,2
DA:26,2
DA:29,1
DA:30,2
DA:31,2
DA:35,1
DA:36,1
DA:38,1
LF:20
LH:19
BRDA:7,0,0,1
BRDA:7,0,1,0
BRDA:13,1,0,0
BRDA:13,1,1,1
BRDA:22,2,0,3
BRDA:22,2,1,3
BRDA:22,2,2,2
BRDA:30,3,0,2
BRDA:30,3,1,0
BRF:9
BRH:6
end_of_record
TN:
SF:models/task.js
FN:2,(anonymous_0)
FN:7,(anonymous_1)
FNF:2
FNH:2
FNDA:1,(anonymous_0)
FNDA:1,(anonymous_1)
DA:2,1
DA:3,1
DA:7,1
DA:8,1
DA:16,1
LF:5
LH:5
BRF:0
BRH:0
end_of_record
TN:
SF:models/user.js
FN:2,(anonymous_0)
FN:7,(anonymous_1)
FNF:2
FNH:2
FNDA:1,(anonymous_0)
FNDA:1,(anonymous_1)
DA:2,1
DA:3,1
DA:7,1
DA:8,1
DA:11,1
LF:5
LH:5
BRF:0
BRH:0
end_of_record
